{"total": {"lines":{"total":673,"covered":463,"skipped":0,"pct":68.79},"statements":{"total":673,"covered":463,"skipped":0,"pct":68.79},"functions":{"total":40,"covered":27,"skipped":0,"pct":67.5},"branches":{"total":128,"covered":97,"skipped":0,"pct":75.78},"branchesTrue":{"total":0,"covered":0,"skipped":0,"pct":100}}
,"/tmp/azjobs-phase1/src/lib/analysisEngine.ts": {"lines":{"total":85,"covered":79,"skipped":0,"pct":92.94},"functions":{"total":2,"covered":2,"skipped":0,"pct":100},"statements":{"total":85,"covered":79,"skipped":0,"pct":92.94},"branches":{"total":18,"covered":15,"skipped":0,"pct":83.33}}
,"/tmp/azjobs-phase1/src/lib/normalizeError.ts": {"lines":{"total":23,"covered":23,"skipped":0,"pct":100},"functions":{"total":1,"covered":1,"skipped":0,"pct":100},"statements":{"total":23,"covered":23,"skipped":0,"pct":100},"branches":{"total":14,"covered":14,"skipped":0,"pct":100}}
,"/tmp/azjobs-phase1/src/lib/routes.ts": {"lines":{"total":8,"covered":8,"skipped":0,"pct":100},"functions":{"total":0,"covered":0,"skipped":0,"pct":100},"statements":{"total":8,"covered":8,"skipped":0,"pct":100},"branches":{"total":0,"covered":0,"skipped":0,"pct":100}}
,"/tmp/azjobs-phase1/src/lib/utils.ts": {"lines":{"total":5,"covered":5,"skipped":0,"pct":100},"functions":{"total":1,"covered":1,"skipped":0,"pct":100},"statements":{"total":5,"covered":5,"skipped":0,"pct":100},"branches":{"total":1,"covered":1,"skipped":0,"pct":100}}
,"/tmp/azjobs-phase1/src/lib/job-search/ignoredJobs.ts": {"lines":{"total":51,"covered":30,"skipped":0,"pct":58.82},"functions":{"total":5,"covered":2,"skipped":0,"pct":40},"statements":{"total":51,"covered":30,"skipped":0,"pct":58.82},"branches":{"total":15,"covered":14,"skipped":0,"pct":93.33}}
,"/tmp/azjobs-phase1/src/lib/job-search/jobQualityEngine.ts": {"lines":{"total":128,"covered":100,"skipped":0,"pct":78.12},"functions":{"total":4,"covered":4,"skipped":0,"pct":100},"statements":{"total":128,"covered":100,"skipped":0,"pct":78.12},"branches":{"total":28,"covered":7,"skipped":0,"pct":25}}
,"/tmp/azjobs-phase1/src/lib/platform/cacheManager.ts": {"lines":{"total":38,"covered":38,"skipped":0,"pct":100},"functions":{"total":5,"covered":5,"skipped":0,"pct":100},"statements":{"total":38,"covered":38,"skipped":0,"pct":100},"branches":{"total":9,"covered":9,"skipped":0,"pct":100}}
,"/tmp/azjobs-phase1/src/lib/platform/errorHandling.ts": {"lines":{"total":30,"covered":30,"skipped":0,"pct":100},"functions":{"total":3,"covered":3,"skipped":0,"pct":100},"statements":{"total":30,"covered":30,"skipped":0,"pct":100},"branches":{"total":6,"covered":6,"skipped":0,"pct":100}}
,"/tmp/azjobs-phase1/src/lib/platform/safeAsync.ts": {"lines":{"total":19,"covered":19,"skipped":0,"pct":100},"functions":{"total":1,"covered":1,"skipped":0,"pct":100},"statements":{"total":19,"covered":19,"skipped":0,"pct":100},"branches":{"total":7,"covered":7,"skipped":0,"pct":100}}
,"/tmp/azjobs-phase1/src/lib/platform/securityHelpers.ts": {"lines":{"total":23,"covered":14,"skipped":0,"pct":60.86},"functions":{"total":4,"covered":2,"skipped":0,"pct":50},"statements":{"total":23,"covered":14,"skipped":0,"pct":60.86},"branches":{"total":2,"covered":2,"skipped":0,"pct":100}}
,"/tmp/azjobs-phase1/src/lib/platform/urlUtils.ts": {"lines":{"total":27,"covered":27,"skipped":0,"pct":100},"functions":{"total":2,"covered":2,"skipped":0,"pct":100},"statements":{"total":27,"covered":27,"skipped":0,"pct":100},"branches":{"total":3,"covered":3,"skipped":0,"pct":100}}
,"/tmp/azjobs-phase1/src/lib/platform/utils.ts": {"lines":{"total":5,"covered":0,"skipped":0,"pct":0},"functions":{"total":1,"covered":0,"skipped":0,"pct":0},"statements":{"total":5,"covered":0,"skipped":0,"pct":0},"branches":{"total":1,"covered":0,"skipped":0,"pct":0}}
,"/tmp/azjobs-phase1/src/lib/platform/validation.ts": {"lines":{"total":31,"covered":27,"skipped":0,"pct":87.09},"functions":{"total":4,"covered":3,"skipped":0,"pct":75},"statements":{"total":31,"covered":27,"skipped":0,"pct":87.09},"branches":{"total":8,"covered":7,"skipped":0,"pct":87.5}}
,"/tmp/azjobs-phase1/src/services/job/service.ts": {"lines":{"total":200,"covered":63,"skipped":0,"pct":31.5},"functions":{"total":7,"covered":1,"skipped":0,"pct":14.28},"statements":{"total":200,"covered":63,"skipped":0,"pct":31.5},"branches":{"total":16,"covered":12,"skipped":0,"pct":75}}
}
